2021-05-28 22:44:10,771 [Worker-8] INFO  o.e.m.c.i.l.LifecycleMappingFactory - Using org.maven.ide.eclipse.wtp.WarLifecycleMapping lifecycle mapping for MavenProject: in.co.rays:Project03:0.0.1-SNAPSHOT @ C:\Users\hp\Desktop\project03 new\Project03\pom.xml.
2021-05-28 22:44:29,838 [Worker-19] WARN  o.e.m.c.i.embedder.EclipseLogger - Using platform encoding (Cp1252 actually) to copy filtered resources, i.e. build is platform dependent!
2021-05-28 22:44:29,886 [Worker-19] INFO  o.e.m.c.i.embedder.EclipseLogger - Copying 1 resource
2021-05-28 22:44:29,900 [Worker-19] WARN  o.e.m.c.i.embedder.EclipseLogger - Using platform encoding (Cp1252 actually) to copy filtered resources, i.e. build is platform dependent!
2021-05-28 22:44:29,901 [Worker-19] INFO  o.e.m.c.i.embedder.EclipseLogger - skip non existing resourceDirectory C:\Users\hp\Desktop\project03 new\Project03\src\test\resources
2021-05-28 22:45:43,026 [Worker-21] WARN  o.e.m.c.i.embedder.EclipseLogger - Using platform encoding (Cp1252 actually) to copy filtered resources, i.e. build is platform dependent!
2021-05-28 22:45:43,030 [Worker-21] INFO  o.e.m.c.i.embedder.EclipseLogger - Copying 0 resource
2021-05-28 22:45:43,035 [Worker-21] WARN  o.e.m.c.i.embedder.EclipseLogger - Using platform encoding (Cp1252 actually) to copy filtered resources, i.e. build is platform dependent!
2021-05-28 22:45:43,036 [Worker-21] INFO  o.e.m.c.i.embedder.EclipseLogger - skip non existing resourceDirectory C:\Users\hp\Desktop\project03 new\Project03\src\test\resources
2021-05-28 22:46:42,854 [Worker-30] INFO  o.e.m.c.i.p.ProjectConfigurationManager - Update started
2021-05-28 22:46:43,840 [Worker-30] INFO  o.e.m.c.i.l.LifecycleMappingFactory - Using org.maven.ide.eclipse.wtp.WarLifecycleMapping lifecycle mapping for MavenProject: in.co.rays:Project03:0.0.1-SNAPSHOT @ C:\Users\hp\Desktop\project03 new\Project03\pom.xml.
2021-05-28 22:46:45,405 [Worker-30] INFO  o.e.m.j.i.AbstractJavaProjectConfigurator - Adding source folder /Project03/src/main/java
2021-05-28 22:46:45,405 [Worker-30] INFO  o.e.m.j.i.AbstractJavaProjectConfigurator - Adding resource folder /Project03/src/main/resources
2021-05-28 22:46:45,406 [Worker-30] INFO  o.e.m.j.i.AbstractJavaProjectConfigurator - Adding source folder /Project03/src/test/java
2021-05-28 22:46:47,048 [Worker-30] INFO  o.e.m.w.i.f.ResourceFilteringBuildParticipant - Cleaning filtered folder for Project03
2021-05-28 22:46:47,059 [Worker-30] INFO  o.e.m.c.i.p.ProjectConfigurationManager - Update completed: 4 sec
2021-05-28 22:46:49,675 [Worker-35] WARN  o.e.m.c.i.embedder.EclipseLogger - Using platform encoding (Cp1252 actually) to copy filtered resources, i.e. build is platform dependent!
2021-05-28 22:46:49,697 [Worker-35] INFO  o.e.m.c.i.embedder.EclipseLogger - Copying 1 resource
2021-05-28 22:46:49,750 [Worker-35] WARN  o.e.m.c.i.embedder.EclipseLogger - Using platform encoding (Cp1252 actually) to copy filtered resources, i.e. build is platform dependent!
2021-05-28 22:46:49,750 [Worker-35] INFO  o.e.m.c.i.embedder.EclipseLogger - skip non existing resourceDirectory C:\Users\hp\Desktop\project03 new\Project03\src\test\resources
2021-05-28 22:46:49,751 [Worker-35] INFO  o.e.m.w.i.f.ResourceFilteringBuildParticipant - Changed resources require a complete clean of filtered resources of Project03
2021-05-28 22:46:49,751 [Worker-35] INFO  o.e.m.w.i.f.ResourceFilteringBuildParticipant - Executing resource filtering for Project03
2021-05-28 22:46:49,769 [Worker-35] WARN  o.e.m.c.i.embedder.EclipseLogger - Using platform encoding (Cp1252 actually) to copy filtered resources, i.e. build is platform dependent!
2021-05-28 22:46:55,379 [Worker-34] WARN  o.e.m.c.i.embedder.EclipseLogger - Using platform encoding (Cp1252 actually) to copy filtered resources, i.e. build is platform dependent!
2021-05-28 22:46:55,381 [Worker-34] INFO  o.e.m.c.i.embedder.EclipseLogger - Copying 0 resource
2021-05-28 22:46:55,382 [Worker-34] WARN  o.e.m.c.i.embedder.EclipseLogger - Using platform encoding (Cp1252 actually) to copy filtered resources, i.e. build is platform dependent!
2021-05-28 22:46:55,384 [Worker-34] INFO  o.e.m.c.i.embedder.EclipseLogger - skip non existing resourceDirectory C:\Users\hp\Desktop\project03 new\Project03\src\test\resources
2021-05-28 22:47:10,255 [Worker-35] WARN  o.e.m.c.i.embedder.EclipseLogger - Using platform encoding (Cp1252 actually) to copy filtered resources, i.e. build is platform dependent!
2021-05-28 22:47:10,259 [Worker-35] INFO  o.e.m.c.i.embedder.EclipseLogger - Copying 1 resource
2021-05-28 22:47:10,262 [Worker-35] WARN  o.e.m.c.i.embedder.EclipseLogger - Using platform encoding (Cp1252 actually) to copy filtered resources, i.e. build is platform dependent!
2021-05-28 22:47:10,268 [Worker-35] INFO  o.e.m.c.i.embedder.EclipseLogger - skip non existing resourceDirectory C:\Users\hp\Desktop\project03 new\Project03\src\test\resources
2021-05-28 22:47:16,186 [Worker-3] INFO  o.e.m.c.i.p.ProjectConfigurationManager - Update started
2021-05-28 22:47:16,845 [Worker-3] INFO  o.e.m.c.i.l.LifecycleMappingFactory - Using org.maven.ide.eclipse.wtp.WarLifecycleMapping lifecycle mapping for MavenProject: in.co.rays:Project03:0.0.1-SNAPSHOT @ C:\Users\hp\Desktop\project03 new\Project03\pom.xml.
2021-05-28 22:47:18,339 [Worker-3] INFO  o.e.m.j.i.AbstractJavaProjectConfigurator - Adding source folder /Project03/src/main/java
2021-05-28 22:47:18,339 [Worker-3] INFO  o.e.m.j.i.AbstractJavaProjectConfigurator - Adding resource folder /Project03/src/main/resources
2021-05-28 22:47:18,340 [Worker-3] INFO  o.e.m.j.i.AbstractJavaProjectConfigurator - Adding source folder /Project03/src/test/java
2021-05-28 22:47:19,350 [Worker-3] INFO  o.e.m.w.i.f.ResourceFilteringBuildParticipant - Cleaning filtered folder for Project03
2021-05-28 22:47:19,357 [Worker-3] INFO  o.e.m.c.i.p.ProjectConfigurationManager - Update completed: 3 sec
2021-05-28 22:47:21,931 [Worker-32] WARN  o.e.m.c.i.embedder.EclipseLogger - Using platform encoding (Cp1252 actually) to copy filtered resources, i.e. build is platform dependent!
2021-05-28 22:47:21,932 [Worker-32] INFO  o.e.m.c.i.embedder.EclipseLogger - Copying 1 resource
2021-05-28 22:47:21,945 [Worker-32] WARN  o.e.m.c.i.embedder.EclipseLogger - Using platform encoding (Cp1252 actually) to copy filtered resources, i.e. build is platform dependent!
2021-05-28 22:47:21,946 [Worker-32] INFO  o.e.m.c.i.embedder.EclipseLogger - skip non existing resourceDirectory C:\Users\hp\Desktop\project03 new\Project03\src\test\resources
2021-05-28 22:47:21,946 [Worker-32] INFO  o.e.m.w.i.f.ResourceFilteringBuildParticipant - Changed resources require a complete clean of filtered resources of Project03
2021-05-28 22:47:21,946 [Worker-32] INFO  o.e.m.w.i.f.ResourceFilteringBuildParticipant - Executing resource filtering for Project03
2021-05-28 22:47:21,955 [Worker-32] WARN  o.e.m.c.i.embedder.EclipseLogger - Using platform encoding (Cp1252 actually) to copy filtered resources, i.e. build is platform dependent!
2021-05-28 22:50:54,317 [Worker-32] WARN  o.e.m.c.i.embedder.EclipseLogger - Using platform encoding (Cp1252 actually) to copy filtered resources, i.e. build is platform dependent!
2021-05-28 22:50:54,373 [Worker-32] INFO  o.e.m.c.i.embedder.EclipseLogger - Copying 0 resource
2021-05-28 22:50:54,376 [Worker-32] WARN  o.e.m.c.i.embedder.EclipseLogger - Using platform encoding (Cp1252 actually) to copy filtered resources, i.e. build is platform dependent!
2021-05-28 22:50:54,403 [Worker-32] INFO  o.e.m.c.i.embedder.EclipseLogger - skip non existing resourceDirectory C:\Users\hp\Desktop\project03 new\Project03\src\test\resources
2021-05-28 22:50:55,526 [Worker-31] WARN  o.e.m.c.i.embedder.EclipseLogger - Using platform encoding (Cp1252 actually) to copy filtered resources, i.e. build is platform dependent!
2021-05-28 22:50:55,528 [Worker-31] INFO  o.e.m.c.i.embedder.EclipseLogger - Copying 0 resource
2021-05-28 22:50:55,531 [Worker-31] WARN  o.e.m.c.i.embedder.EclipseLogger - Using platform encoding (Cp1252 actually) to copy filtered resources, i.e. build is platform dependent!
2021-05-28 22:50:55,532 [Worker-31] INFO  o.e.m.c.i.embedder.EclipseLogger - skip non existing resourceDirectory C:\Users\hp\Desktop\project03 new\Project03\src\test\resources
2021-05-29 12:28:49,148 [Worker-4] WARN  o.e.m.c.i.embedder.EclipseLogger - Using platform encoding (Cp1252 actually) to copy filtered resources, i.e. build is platform dependent!
2021-05-29 12:28:49,264 [Worker-4] INFO  o.e.m.c.i.embedder.EclipseLogger - Copying 1 resource
2021-05-29 12:28:49,274 [Worker-4] WARN  o.e.m.c.i.embedder.EclipseLogger - Using platform encoding (Cp1252 actually) to copy filtered resources, i.e. build is platform dependent!
2021-05-29 12:28:49,281 [Worker-4] INFO  o.e.m.c.i.embedder.EclipseLogger - skip non existing resourceDirectory C:\Users\hp\Desktop\project03 new\Project03\src\test\resources
2021-05-29 12:30:13,148 [Worker-11] WARN  o.e.m.c.i.embedder.EclipseLogger - Using platform encoding (Cp1252 actually) to copy filtered resources, i.e. build is platform dependent!
2021-05-29 12:30:13,165 [Worker-11] INFO  o.e.m.c.i.embedder.EclipseLogger - Copying 0 resource
2021-05-29 12:30:13,166 [Worker-11] WARN  o.e.m.c.i.embedder.EclipseLogger - Using platform encoding (Cp1252 actually) to copy filtered resources, i.e. build is platform dependent!
2021-05-29 12:30:13,216 [Worker-11] INFO  o.e.m.c.i.embedder.EclipseLogger - skip non existing resourceDirectory C:\Users\hp\Desktop\project03 new\Project03\src\test\resources
2021-05-29 12:30:15,303 [Worker-15] WARN  o.e.m.c.i.embedder.EclipseLogger - Using platform encoding (Cp1252 actually) to copy filtered resources, i.e. build is platform dependent!
2021-05-29 12:30:15,304 [Worker-15] INFO  o.e.m.c.i.embedder.EclipseLogger - Copying 0 resource
2021-05-29 12:30:15,305 [Worker-15] WARN  o.e.m.c.i.embedder.EclipseLogger - Using platform encoding (Cp1252 actually) to copy filtered resources, i.e. build is platform dependent!
2021-05-29 12:30:15,306 [Worker-15] INFO  o.e.m.c.i.embedder.EclipseLogger - skip non existing resourceDirectory C:\Users\hp\Desktop\project03 new\Project03\src\test\resources
2021-05-29 12:30:43,156 [Worker-16] WARN  o.e.m.c.i.embedder.EclipseLogger - Using platform encoding (Cp1252 actually) to copy filtered resources, i.e. build is platform dependent!
2021-05-29 12:30:43,181 [Worker-16] INFO  o.e.m.c.i.embedder.EclipseLogger - Copying 1 resource
2021-05-29 12:30:43,183 [Worker-16] WARN  o.e.m.c.i.embedder.EclipseLogger - Using platform encoding (Cp1252 actually) to copy filtered resources, i.e. build is platform dependent!
2021-05-29 12:30:43,184 [Worker-16] INFO  o.e.m.c.i.embedder.EclipseLogger - skip non existing resourceDirectory C:\Users\hp\Desktop\project03 new\Project03\src\test\resources
2021-05-29 12:30:49,324 [Worker-22] INFO  o.e.m.c.i.p.ProjectConfigurationManager - Update started
2021-05-29 12:30:50,675 [Worker-22] INFO  o.e.m.c.i.l.LifecycleMappingFactory - Using org.maven.ide.eclipse.wtp.WarLifecycleMapping lifecycle mapping for MavenProject: in.co.rays:Project03:0.0.1-SNAPSHOT @ C:\Users\hp\Desktop\project03 new\Project03\pom.xml.
2021-05-29 12:30:52,959 [Worker-22] INFO  o.e.m.j.i.AbstractJavaProjectConfigurator - Adding source folder /Project03/src/main/java
2021-05-29 12:30:52,961 [Worker-22] INFO  o.e.m.j.i.AbstractJavaProjectConfigurator - Adding resource folder /Project03/src/main/resources
2021-05-29 12:30:52,962 [Worker-22] INFO  o.e.m.j.i.AbstractJavaProjectConfigurator - Adding source folder /Project03/src/test/java
2021-05-29 12:30:54,664 [Worker-22] INFO  o.e.m.w.i.f.ResourceFilteringBuildParticipant - Cleaning filtered folder for Project03
2021-05-29 12:30:54,672 [Worker-22] INFO  o.e.m.c.i.p.ProjectConfigurationManager - Update completed: 5 sec
2021-05-29 12:30:59,476 [Worker-20] WARN  o.e.m.c.i.embedder.EclipseLogger - Using platform encoding (Cp1252 actually) to copy filtered resources, i.e. build is platform dependent!
2021-05-29 12:30:59,479 [Worker-20] INFO  o.e.m.c.i.embedder.EclipseLogger - Copying 1 resource
2021-05-29 12:30:59,826 [Worker-20] WARN  o.e.m.c.i.embedder.EclipseLogger - Using platform encoding (Cp1252 actually) to copy filtered resources, i.e. build is platform dependent!
2021-05-29 12:30:59,827 [Worker-20] INFO  o.e.m.c.i.embedder.EclipseLogger - skip non existing resourceDirectory C:\Users\hp\Desktop\project03 new\Project03\src\test\resources
2021-05-29 12:30:59,828 [Worker-20] INFO  o.e.m.w.i.f.ResourceFilteringBuildParticipant - Changed resources require a complete clean of filtered resources of Project03
2021-05-29 12:30:59,831 [Worker-20] INFO  o.e.m.w.i.f.ResourceFilteringBuildParticipant - Executing resource filtering for Project03
2021-05-29 12:30:59,844 [Worker-20] WARN  o.e.m.c.i.embedder.EclipseLogger - Using platform encoding (Cp1252 actually) to copy filtered resources, i.e. build is platform dependent!
2021-05-29 12:31:40,472 [Worker-10] WARN  o.e.m.c.i.embedder.EclipseLogger - Using platform encoding (Cp1252 actually) to copy filtered resources, i.e. build is platform dependent!
2021-05-29 12:31:40,480 [Worker-10] INFO  o.e.m.c.i.embedder.EclipseLogger - Copying 1 resource
2021-05-29 12:31:40,482 [Worker-10] WARN  o.e.m.c.i.embedder.EclipseLogger - Using platform encoding (Cp1252 actually) to copy filtered resources, i.e. build is platform dependent!
2021-05-29 12:31:40,622 [Worker-10] INFO  o.e.m.c.i.embedder.EclipseLogger - skip non existing resourceDirectory C:\Users\hp\Desktop\project03 new\Project03\src\test\resources
2021-05-29 12:32:31,025 [Worker-6] INFO  o.e.m.c.i.e.AbstractTransferListenerAdapter - Downloading https://repo.maven.apache.org/maven2/net/sf/jasperreports/jasperreports/6.12.2/jasperreports-6.12.2-sources.jar
2021-05-29 12:32:35,847 [Worker-6] INFO  o.e.m.c.i.e.AbstractTransferListenerAdapter - Downloaded https://repo.maven.apache.org/maven2/net/sf/jasperreports/jasperreports/6.12.2/jasperreports-6.12.2-sources.jar
2021-05-29 12:32:36,332 [Worker-6] INFO  o.e.m.j.internal.DownloadSourcesJob - Downloaded sources for net.sf.jasperreports:jasperreports:6.12.2
2021-05-29 12:32:37,038 [Worker-19] WARN  o.e.m.c.i.embedder.EclipseLogger - Using platform encoding (Cp1252 actually) to copy filtered resources, i.e. build is platform dependent!
2021-05-29 12:32:37,155 [Worker-19] INFO  o.e.m.c.i.embedder.EclipseLogger - Copying 0 resource
2021-05-29 12:32:37,157 [Worker-19] WARN  o.e.m.c.i.embedder.EclipseLogger - Using platform encoding (Cp1252 actually) to copy filtered resources, i.e. build is platform dependent!
2021-05-29 12:32:37,158 [Worker-19] INFO  o.e.m.c.i.embedder.EclipseLogger - skip non existing resourceDirectory C:\Users\hp\Desktop\project03 new\Project03\src\test\resources
2021-05-29 12:35:06,417 [Worker-11] WARN  o.e.m.c.i.embedder.EclipseLogger - Using platform encoding (Cp1252 actually) to copy filtered resources, i.e. build is platform dependent!
2021-05-29 12:35:06,783 [Worker-11] INFO  o.e.m.c.i.embedder.EclipseLogger - Copying 1 resource
2021-05-29 12:35:06,791 [Worker-11] WARN  o.e.m.c.i.embedder.EclipseLogger - Using platform encoding (Cp1252 actually) to copy filtered resources, i.e. build is platform dependent!
2021-05-29 12:35:06,792 [Worker-11] INFO  o.e.m.c.i.embedder.EclipseLogger - skip non existing resourceDirectory C:\Users\hp\Desktop\project03 new\Project03\src\test\resources
2021-05-29 12:38:19,858 [Worker-25] WARN  o.e.m.c.i.embedder.EclipseLogger - Using platform encoding (Cp1252 actually) to copy filtered resources, i.e. build is platform dependent!
2021-05-29 12:38:19,863 [Worker-25] INFO  o.e.m.c.i.embedder.EclipseLogger - Copying 1 resource
2021-05-29 12:38:19,865 [Worker-25] WARN  o.e.m.c.i.embedder.EclipseLogger - Using platform encoding (Cp1252 actually) to copy filtered resources, i.e. build is platform dependent!
2021-05-29 12:38:19,865 [Worker-25] INFO  o.e.m.c.i.embedder.EclipseLogger - skip non existing resourceDirectory C:\Users\hp\Desktop\project03 new\Project03\src\test\resources
2021-05-29 12:38:23,310 [Worker-6] INFO  o.e.m.c.i.p.ProjectConfigurationManager - Update started
2021-05-29 12:38:24,480 [Worker-6] INFO  o.e.m.c.i.l.LifecycleMappingFactory - Using org.maven.ide.eclipse.wtp.WarLifecycleMapping lifecycle mapping for MavenProject: in.co.rays:Project03:0.0.1-SNAPSHOT @ C:\Users\hp\Desktop\project03 new\Project03\pom.xml.
2021-05-29 12:38:26,174 [Worker-6] INFO  o.e.m.j.i.AbstractJavaProjectConfigurator - Adding source folder /Project03/src/main/java
2021-05-29 12:38:26,175 [Worker-6] INFO  o.e.m.j.i.AbstractJavaProjectConfigurator - Adding resource folder /Project03/src/main/resources
2021-05-29 12:38:26,175 [Worker-6] INFO  o.e.m.j.i.AbstractJavaProjectConfigurator - Adding source folder /Project03/src/test/java
2021-05-29 12:38:27,853 [Worker-6] INFO  o.e.m.w.i.f.ResourceFilteringBuildParticipant - Cleaning filtered folder for Project03
2021-05-29 12:38:27,863 [Worker-6] INFO  o.e.m.c.i.p.ProjectConfigurationManager - Update completed: 4 sec
2021-05-29 12:38:31,344 [Worker-6] WARN  o.e.m.c.i.embedder.EclipseLogger - Using platform encoding (Cp1252 actually) to copy filtered resources, i.e. build is platform dependent!
2021-05-29 12:38:31,350 [Worker-6] INFO  o.e.m.c.i.embedder.EclipseLogger - Copying 1 resource
2021-05-29 12:38:31,363 [Worker-6] WARN  o.e.m.c.i.embedder.EclipseLogger - Using platform encoding (Cp1252 actually) to copy filtered resources, i.e. build is platform dependent!
2021-05-29 12:38:31,364 [Worker-6] INFO  o.e.m.c.i.embedder.EclipseLogger - skip non existing resourceDirectory C:\Users\hp\Desktop\project03 new\Project03\src\test\resources
2021-05-29 12:38:31,364 [Worker-6] INFO  o.e.m.w.i.f.ResourceFilteringBuildParticipant - Changed resources require a complete clean of filtered resources of Project03
2021-05-29 12:38:31,375 [Worker-6] INFO  o.e.m.w.i.f.ResourceFilteringBuildParticipant - Executing resource filtering for Project03
2021-05-29 12:38:31,386 [Worker-6] WARN  o.e.m.c.i.embedder.EclipseLogger - Using platform encoding (Cp1252 actually) to copy filtered resources, i.e. build is platform dependent!
2021-05-29 12:45:46,661 [Worker-33] WARN  o.e.m.c.i.embedder.EclipseLogger - Using platform encoding (Cp1252 actually) to copy filtered resources, i.e. build is platform dependent!
2021-05-29 12:45:46,687 [Worker-33] INFO  o.e.m.c.i.embedder.EclipseLogger - Copying 1 resource
2021-05-29 12:45:46,689 [Worker-33] WARN  o.e.m.c.i.embedder.EclipseLogger - Using platform encoding (Cp1252 actually) to copy filtered resources, i.e. build is platform dependent!
2021-05-29 12:45:46,730 [Worker-33] INFO  o.e.m.c.i.embedder.EclipseLogger - skip non existing resourceDirectory C:\Users\hp\Desktop\project03 new\Project03\src\test\resources
2021-05-29 12:46:20,279 [Worker-34] WARN  o.e.m.c.i.embedder.EclipseLogger - Using platform encoding (Cp1252 actually) to copy filtered resources, i.e. build is platform dependent!
2021-05-29 12:46:20,282 [Worker-34] INFO  o.e.m.c.i.embedder.EclipseLogger - Copying 1 resource
2021-05-29 12:46:20,284 [Worker-34] WARN  o.e.m.c.i.embedder.EclipseLogger - Using platform encoding (Cp1252 actually) to copy filtered resources, i.e. build is platform dependent!
2021-05-29 12:46:20,356 [Worker-34] INFO  o.e.m.c.i.embedder.EclipseLogger - skip non existing resourceDirectory C:\Users\hp\Desktop\project03 new\Project03\src\test\resources
2021-05-29 12:48:43,191 [Worker-33] WARN  o.e.m.c.i.embedder.EclipseLogger - Using platform encoding (Cp1252 actually) to copy filtered resources, i.e. build is platform dependent!
2021-05-29 12:48:43,193 [Worker-33] INFO  o.e.m.c.i.embedder.EclipseLogger - Copying 0 resource
2021-05-29 12:48:43,194 [Worker-33] WARN  o.e.m.c.i.embedder.EclipseLogger - Using platform encoding (Cp1252 actually) to copy filtered resources, i.e. build is platform dependent!
2021-05-29 12:48:43,216 [Worker-33] INFO  o.e.m.c.i.embedder.EclipseLogger - skip non existing resourceDirectory C:\Users\hp\Desktop\project03 new\Project03\src\test\resources
2021-05-29 12:48:46,763 [Worker-37] WARN  o.e.m.c.i.embedder.EclipseLogger - Using platform encoding (Cp1252 actually) to copy filtered resources, i.e. build is platform dependent!
2021-05-29 12:48:46,874 [Worker-37] INFO  o.e.m.c.i.embedder.EclipseLogger - Copying 1 resource
2021-05-29 12:48:46,894 [Worker-37] WARN  o.e.m.c.i.embedder.EclipseLogger - Using platform encoding (Cp1252 actually) to copy filtered resources, i.e. build is platform dependent!
2021-05-29 12:48:46,896 [Worker-37] INFO  o.e.m.c.i.embedder.EclipseLogger - skip non existing resourceDirectory C:\Users\hp\Desktop\project03 new\Project03\src\test\resources
2021-05-29 12:48:46,896 [Worker-37] INFO  o.e.m.w.i.f.ResourceFilteringBuildParticipant - Changed resources require a complete clean of filtered resources of Project03
2021-05-29 12:48:46,897 [Worker-37] INFO  o.e.m.w.i.f.ResourceFilteringBuildParticipant - Executing resource filtering for Project03
2021-05-29 12:48:47,273 [Worker-37] WARN  o.e.m.c.i.embedder.EclipseLogger - Using platform encoding (Cp1252 actually) to copy filtered resources, i.e. build is platform dependent!
2021-05-29 12:51:25,217 [Worker-33] WARN  o.e.m.c.i.embedder.EclipseLogger - Using platform encoding (Cp1252 actually) to copy filtered resources, i.e. build is platform dependent!
2021-05-29 12:51:25,327 [Worker-33] INFO  o.e.m.c.i.embedder.EclipseLogger - Copying 1 resource
2021-05-29 12:51:25,329 [Worker-33] WARN  o.e.m.c.i.embedder.EclipseLogger - Using platform encoding (Cp1252 actually) to copy filtered resources, i.e. build is platform dependent!
2021-05-29 12:51:25,372 [Worker-33] INFO  o.e.m.c.i.embedder.EclipseLogger - skip non existing resourceDirectory C:\Users\hp\Desktop\project03 new\Project03\src\test\resources
2021-05-29 12:51:36,451 [Worker-43] INFO  o.e.m.c.i.p.ProjectConfigurationManager - Update started
2021-05-29 12:51:37,743 [Worker-43] INFO  o.e.m.c.i.l.LifecycleMappingFactory - Using org.maven.ide.eclipse.wtp.WarLifecycleMapping lifecycle mapping for MavenProject: in.co.rays:Project03:0.0.1-SNAPSHOT @ C:\Users\hp\Desktop\project03 new\Project03\pom.xml.
2021-05-29 12:51:40,493 [Worker-43] INFO  o.e.m.j.i.AbstractJavaProjectConfigurator - Adding source folder /Project03/src/main/java
2021-05-29 12:51:40,494 [Worker-43] INFO  o.e.m.j.i.AbstractJavaProjectConfigurator - Adding resource folder /Project03/src/main/resources
2021-05-29 12:51:40,496 [Worker-43] INFO  o.e.m.j.i.AbstractJavaProjectConfigurator - Adding source folder /Project03/src/test/java
2021-05-29 12:51:43,034 [Worker-43] INFO  o.e.m.w.i.f.ResourceFilteringBuildParticipant - Cleaning filtered folder for Project03
2021-05-29 12:51:43,184 [Worker-43] INFO  o.e.m.c.i.p.ProjectConfigurationManager - Update completed: 6 sec
2021-05-29 12:51:46,616 [Worker-33] WARN  o.e.m.c.i.embedder.EclipseLogger - Using platform encoding (Cp1252 actually) to copy filtered resources, i.e. build is platform dependent!
2021-05-29 12:51:46,620 [Worker-33] INFO  o.e.m.c.i.embedder.EclipseLogger - Copying 1 resource
2021-05-29 12:51:46,685 [Worker-33] WARN  o.e.m.c.i.embedder.EclipseLogger - Using platform encoding (Cp1252 actually) to copy filtered resources, i.e. build is platform dependent!
2021-05-29 12:51:46,700 [Worker-33] INFO  o.e.m.c.i.embedder.EclipseLogger - skip non existing resourceDirectory C:\Users\hp\Desktop\project03 new\Project03\src\test\resources
2021-05-29 12:51:46,701 [Worker-33] INFO  o.e.m.w.i.f.ResourceFilteringBuildParticipant - Changed resources require a complete clean of filtered resources of Project03
2021-05-29 12:51:46,701 [Worker-33] INFO  o.e.m.w.i.f.ResourceFilteringBuildParticipant - Executing resource filtering for Project03
2021-05-29 12:51:46,708 [Worker-33] WARN  o.e.m.c.i.embedder.EclipseLogger - Using platform encoding (Cp1252 actually) to copy filtered resources, i.e. build is platform dependent!
2021-05-29 12:54:36,889 [Worker-40] INFO  o.e.m.c.i.p.ProjectConfigurationManager - Update started
2021-05-29 12:54:37,655 [Worker-40] INFO  o.e.m.c.i.l.LifecycleMappingFactory - Using org.maven.ide.eclipse.wtp.WarLifecycleMapping lifecycle mapping for MavenProject: in.co.rays:Project03:0.0.1-SNAPSHOT @ C:\Users\hp\Desktop\project03 new\Project03\pom.xml.
2021-05-29 12:54:39,421 [Worker-40] INFO  o.e.m.j.i.AbstractJavaProjectConfigurator - Adding source folder /Project03/src/main/java
2021-05-29 12:54:39,422 [Worker-40] INFO  o.e.m.j.i.AbstractJavaProjectConfigurator - Adding resource folder /Project03/src/main/resources
2021-05-29 12:54:39,422 [Worker-40] INFO  o.e.m.j.i.AbstractJavaProjectConfigurator - Adding source folder /Project03/src/test/java
2021-05-29 12:54:40,699 [Worker-40] INFO  o.e.m.w.i.f.ResourceFilteringBuildParticipant - Cleaning filtered folder for Project03
2021-05-29 12:54:40,706 [Worker-40] INFO  o.e.m.c.i.p.ProjectConfigurationManager - Update completed: 3 sec
2021-05-29 12:54:44,871 [Worker-45] WARN  o.e.m.c.i.embedder.EclipseLogger - Using platform encoding (Cp1252 actually) to copy filtered resources, i.e. build is platform dependent!
2021-05-29 12:54:44,873 [Worker-45] INFO  o.e.m.c.i.embedder.EclipseLogger - Copying 1 resource
2021-05-29 12:54:44,885 [Worker-45] WARN  o.e.m.c.i.embedder.EclipseLogger - Using platform encoding (Cp1252 actually) to copy filtered resources, i.e. build is platform dependent!
2021-05-29 12:54:44,895 [Worker-45] INFO  o.e.m.c.i.embedder.EclipseLogger - skip non existing resourceDirectory C:\Users\hp\Desktop\project03 new\Project03\src\test\resources
2021-05-29 12:54:44,895 [Worker-45] INFO  o.e.m.w.i.f.ResourceFilteringBuildParticipant - Changed resources require a complete clean of filtered resources of Project03
2021-05-29 12:54:44,895 [Worker-45] INFO  o.e.m.w.i.f.ResourceFilteringBuildParticipant - Executing resource filtering for Project03
2021-05-29 12:54:44,904 [Worker-45] WARN  o.e.m.c.i.embedder.EclipseLogger - Using platform encoding (Cp1252 actually) to copy filtered resources, i.e. build is platform dependent!
2021-05-29 12:59:17,040 [Worker-45] WARN  o.e.m.c.i.embedder.EclipseLogger - Using platform encoding (Cp1252 actually) to copy filtered resources, i.e. build is platform dependent!
2021-05-29 12:59:17,045 [Worker-45] INFO  o.e.m.c.i.embedder.EclipseLogger - Copying 1 resource
2021-05-29 12:59:17,046 [Worker-45] WARN  o.e.m.c.i.embedder.EclipseLogger - Using platform encoding (Cp1252 actually) to copy filtered resources, i.e. build is platform dependent!
2021-05-29 12:59:17,372 [Worker-45] INFO  o.e.m.c.i.embedder.EclipseLogger - skip non existing resourceDirectory C:\Users\hp\Desktop\project03 new\Project03\src\test\resources
2021-05-29 12:59:35,197 [Worker-41] WARN  o.e.m.c.i.embedder.EclipseLogger - Using platform encoding (Cp1252 actually) to copy filtered resources, i.e. build is platform dependent!
2021-05-29 12:59:35,202 [Worker-41] INFO  o.e.m.c.i.embedder.EclipseLogger - Copying 1 resource
2021-05-29 12:59:35,203 [Worker-41] WARN  o.e.m.c.i.embedder.EclipseLogger - Using platform encoding (Cp1252 actually) to copy filtered resources, i.e. build is platform dependent!
2021-05-29 12:59:35,214 [Worker-41] INFO  o.e.m.c.i.embedder.EclipseLogger - skip non existing resourceDirectory C:\Users\hp\Desktop\project03 new\Project03\src\test\resources
2021-05-29 12:59:49,374 [Worker-46] INFO  o.e.m.c.i.p.ProjectConfigurationManager - Update started
2021-05-29 12:59:50,116 [Worker-46] INFO  o.e.m.c.i.l.LifecycleMappingFactory - Using org.maven.ide.eclipse.wtp.WarLifecycleMapping lifecycle mapping for MavenProject: in.co.rays:Project03:0.0.1-SNAPSHOT @ C:\Users\hp\Desktop\project03 new\Project03\pom.xml.
2021-05-29 12:59:51,684 [Worker-46] INFO  o.e.m.j.i.AbstractJavaProjectConfigurator - Adding source folder /Project03/src/main/java
2021-05-29 12:59:51,685 [Worker-46] INFO  o.e.m.j.i.AbstractJavaProjectConfigurator - Adding resource folder /Project03/src/main/resources
2021-05-29 12:59:51,685 [Worker-46] INFO  o.e.m.j.i.AbstractJavaProjectConfigurator - Adding source folder /Project03/src/test/java
2021-05-29 12:59:52,823 [Worker-46] INFO  o.e.m.w.i.f.ResourceFilteringBuildParticipant - Cleaning filtered folder for Project03
2021-05-29 12:59:52,830 [Worker-46] INFO  o.e.m.c.i.p.ProjectConfigurationManager - Update completed: 3 sec
2021-05-29 12:59:55,445 [Worker-49] WARN  o.e.m.c.i.embedder.EclipseLogger - Using platform encoding (Cp1252 actually) to copy filtered resources, i.e. build is platform dependent!
2021-05-29 12:59:55,446 [Worker-49] INFO  o.e.m.c.i.embedder.EclipseLogger - Copying 1 resource
2021-05-29 12:59:55,459 [Worker-49] WARN  o.e.m.c.i.embedder.EclipseLogger - Using platform encoding (Cp1252 actually) to copy filtered resources, i.e. build is platform dependent!
2021-05-29 12:59:55,459 [Worker-49] INFO  o.e.m.c.i.embedder.EclipseLogger - skip non existing resourceDirectory C:\Users\hp\Desktop\project03 new\Project03\src\test\resources
2021-05-29 12:59:55,460 [Worker-49] INFO  o.e.m.w.i.f.ResourceFilteringBuildParticipant - Changed resources require a complete clean of filtered resources of Project03
2021-05-29 12:59:55,460 [Worker-49] INFO  o.e.m.w.i.f.ResourceFilteringBuildParticipant - Executing resource filtering for Project03
2021-05-29 12:59:55,488 [Worker-49] WARN  o.e.m.c.i.embedder.EclipseLogger - Using platform encoding (Cp1252 actually) to copy filtered resources, i.e. build is platform dependent!
2021-05-29 13:02:04,914 [Worker-52] WARN  o.e.m.c.i.embedder.EclipseLogger - Using platform encoding (Cp1252 actually) to copy filtered resources, i.e. build is platform dependent!
2021-05-29 13:02:04,962 [Worker-52] INFO  o.e.m.c.i.embedder.EclipseLogger - Copying 0 resource
2021-05-29 13:02:04,964 [Worker-52] WARN  o.e.m.c.i.embedder.EclipseLogger - Using platform encoding (Cp1252 actually) to copy filtered resources, i.e. build is platform dependent!
2021-05-29 13:02:04,972 [Worker-52] INFO  o.e.m.c.i.embedder.EclipseLogger - skip non existing resourceDirectory C:\Users\hp\Desktop\project03 new\Project03\src\test\resources
2021-05-29 13:02:57,749 [Worker-45] WARN  o.e.m.c.i.embedder.EclipseLogger - Using platform encoding (Cp1252 actually) to copy filtered resources, i.e. build is platform dependent!
2021-05-29 13:02:57,781 [Worker-45] INFO  o.e.m.c.i.embedder.EclipseLogger - Copying 0 resource
2021-05-29 13:02:57,784 [Worker-45] WARN  o.e.m.c.i.embedder.EclipseLogger - Using platform encoding (Cp1252 actually) to copy filtered resources, i.e. build is platform dependent!
2021-05-29 13:02:57,789 [Worker-45] INFO  o.e.m.c.i.embedder.EclipseLogger - skip non existing resourceDirectory C:\Users\hp\Desktop\project03 new\Project03\src\test\resources
2021-05-29 13:03:06,289 [Worker-44] INFO  o.e.m.c.i.p.ProjectConfigurationManager - Update started
2021-05-29 13:03:07,312 [Worker-44] INFO  o.e.m.c.i.l.LifecycleMappingFactory - Using org.maven.ide.eclipse.wtp.WarLifecycleMapping lifecycle mapping for MavenProject: in.co.rays:Project03:0.0.1-SNAPSHOT @ C:\Users\hp\Desktop\project03 new\Project03\pom.xml.
2021-05-29 13:03:10,331 [Worker-44] INFO  o.e.m.j.i.AbstractJavaProjectConfigurator - Adding source folder /Project03/src/main/java
2021-05-29 13:03:10,332 [Worker-44] INFO  o.e.m.j.i.AbstractJavaProjectConfigurator - Adding resource folder /Project03/src/main/resources
2021-05-29 13:03:10,333 [Worker-44] INFO  o.e.m.j.i.AbstractJavaProjectConfigurator - Adding source folder /Project03/src/test/java
2021-05-29 13:03:13,187 [Worker-44] INFO  o.e.m.w.i.f.ResourceFilteringBuildParticipant - Cleaning filtered folder for Project03
2021-05-29 13:03:13,194 [Worker-44] INFO  o.e.m.c.i.p.ProjectConfigurationManager - Update completed: 6 sec
2021-05-29 13:03:16,806 [Worker-53] WARN  o.e.m.c.i.embedder.EclipseLogger - Using platform encoding (Cp1252 actually) to copy filtered resources, i.e. build is platform dependent!
2021-05-29 13:03:16,921 [Worker-53] INFO  o.e.m.c.i.embedder.EclipseLogger - Copying 1 resource
2021-05-29 13:03:16,936 [Worker-53] WARN  o.e.m.c.i.embedder.EclipseLogger - Using platform encoding (Cp1252 actually) to copy filtered resources, i.e. build is platform dependent!
2021-05-29 13:03:16,937 [Worker-53] INFO  o.e.m.c.i.embedder.EclipseLogger - skip non existing resourceDirectory C:\Users\hp\Desktop\project03 new\Project03\src\test\resources
2021-05-29 13:03:16,937 [Worker-53] INFO  o.e.m.w.i.f.ResourceFilteringBuildParticipant - Changed resources require a complete clean of filtered resources of Project03
2021-05-29 13:03:16,937 [Worker-53] INFO  o.e.m.w.i.f.ResourceFilteringBuildParticipant - Executing resource filtering for Project03
2021-05-29 13:03:16,942 [Worker-53] WARN  o.e.m.c.i.embedder.EclipseLogger - Using platform encoding (Cp1252 actually) to copy filtered resources, i.e. build is platform dependent!
2021-05-29 13:03:40,864 [Worker-41] INFO  o.e.m.c.i.p.ProjectConfigurationManager - Update started
2021-05-29 13:03:41,506 [Worker-41] INFO  o.e.m.c.i.l.LifecycleMappingFactory - Using org.maven.ide.eclipse.wtp.WarLifecycleMapping lifecycle mapping for MavenProject: in.co.rays:Project03:0.0.1-SNAPSHOT @ C:\Users\hp\Desktop\project03 new\Project03\pom.xml.
2021-05-29 13:03:43,045 [Worker-41] INFO  o.e.m.j.i.AbstractJavaProjectConfigurator - Adding source folder /Project03/src/main/java
2021-05-29 13:03:43,045 [Worker-41] INFO  o.e.m.j.i.AbstractJavaProjectConfigurator - Adding resource folder /Project03/src/main/resources
2021-05-29 13:03:43,045 [Worker-41] INFO  o.e.m.j.i.AbstractJavaProjectConfigurator - Adding source folder /Project03/src/test/java
2021-05-29 13:03:44,145 [Worker-41] INFO  o.e.m.w.i.f.ResourceFilteringBuildParticipant - Cleaning filtered folder for Project03
2021-05-29 13:03:44,153 [Worker-41] INFO  o.e.m.c.i.p.ProjectConfigurationManager - Update completed: 3 sec
2021-05-29 13:03:46,692 [Worker-49] WARN  o.e.m.c.i.embedder.EclipseLogger - Using platform encoding (Cp1252 actually) to copy filtered resources, i.e. build is platform dependent!
2021-05-29 13:03:46,693 [Worker-49] INFO  o.e.m.c.i.embedder.EclipseLogger - Copying 1 resource
2021-05-29 13:03:46,705 [Worker-49] WARN  o.e.m.c.i.embedder.EclipseLogger - Using platform encoding (Cp1252 actually) to copy filtered resources, i.e. build is platform dependent!
2021-05-29 13:03:46,802 [Worker-49] INFO  o.e.m.c.i.embedder.EclipseLogger - skip non existing resourceDirectory C:\Users\hp\Desktop\project03 new\Project03\src\test\resources
2021-05-29 13:03:46,803 [Worker-49] INFO  o.e.m.w.i.f.ResourceFilteringBuildParticipant - Changed resources require a complete clean of filtered resources of Project03
2021-05-29 13:03:46,803 [Worker-49] INFO  o.e.m.w.i.f.ResourceFilteringBuildParticipant - Executing resource filtering for Project03
2021-05-29 13:03:46,806 [Worker-49] WARN  o.e.m.c.i.embedder.EclipseLogger - Using platform encoding (Cp1252 actually) to copy filtered resources, i.e. build is platform dependent!
2021-05-29 13:07:41,589 [Worker-50] WARN  o.e.m.c.i.embedder.EclipseLogger - Using platform encoding (Cp1252 actually) to copy filtered resources, i.e. build is platform dependent!
2021-05-29 13:07:41,598 [Worker-50] INFO  o.e.m.c.i.embedder.EclipseLogger - Copying 1 resource
2021-05-29 13:07:41,600 [Worker-50] WARN  o.e.m.c.i.embedder.EclipseLogger - Using platform encoding (Cp1252 actually) to copy filtered resources, i.e. build is platform dependent!
2021-05-29 13:07:42,002 [Worker-50] INFO  o.e.m.c.i.embedder.EclipseLogger - skip non existing resourceDirectory C:\Users\hp\Desktop\project03 new\Project03\src\test\resources
2021-05-29 13:08:45,967 [Worker-46] WARN  o.e.m.c.i.embedder.EclipseLogger - Using platform encoding (Cp1252 actually) to copy filtered resources, i.e. build is platform dependent!
2021-05-29 13:08:45,969 [Worker-46] INFO  o.e.m.c.i.embedder.EclipseLogger - Copying 1 resource
2021-05-29 13:08:45,970 [Worker-46] WARN  o.e.m.c.i.embedder.EclipseLogger - Using platform encoding (Cp1252 actually) to copy filtered resources, i.e. build is platform dependent!
2021-05-29 13:08:46,131 [Worker-46] INFO  o.e.m.c.i.embedder.EclipseLogger - skip non existing resourceDirectory C:\Users\hp\Desktop\project03 new\Project03\src\test\resources
2021-05-29 13:10:22,282 [Worker-45] WARN  o.e.m.c.i.embedder.EclipseLogger - Using platform encoding (Cp1252 actually) to copy filtered resources, i.e. build is platform dependent!
2021-05-29 13:10:22,284 [Worker-45] INFO  o.e.m.c.i.embedder.EclipseLogger - Copying 1 resource
2021-05-29 13:10:22,286 [Worker-45] WARN  o.e.m.c.i.embedder.EclipseLogger - Using platform encoding (Cp1252 actually) to copy filtered resources, i.e. build is platform dependent!
2021-05-29 13:10:22,406 [Worker-45] INFO  o.e.m.c.i.embedder.EclipseLogger - skip non existing resourceDirectory C:\Users\hp\Desktop\project03 new\Project03\src\test\resources
2021-05-29 13:10:27,718 [Worker-44] INFO  o.e.m.c.i.p.ProjectConfigurationManager - Update started
2021-05-29 13:10:28,511 [Worker-44] INFO  o.e.m.c.i.l.LifecycleMappingFactory - Using org.maven.ide.eclipse.wtp.WarLifecycleMapping lifecycle mapping for MavenProject: in.co.rays:Project03:0.0.1-SNAPSHOT @ C:\Users\hp\Desktop\project03 new\Project03\pom.xml.
2021-05-29 13:10:30,187 [Worker-44] INFO  o.e.m.j.i.AbstractJavaProjectConfigurator - Adding source folder /Project03/src/main/java
2021-05-29 13:10:30,187 [Worker-44] INFO  o.e.m.j.i.AbstractJavaProjectConfigurator - Adding resource folder /Project03/src/main/resources
2021-05-29 13:10:30,188 [Worker-44] INFO  o.e.m.j.i.AbstractJavaProjectConfigurator - Adding source folder /Project03/src/test/java
2021-05-29 13:10:31,540 [Worker-44] INFO  o.e.m.w.i.f.ResourceFilteringBuildParticipant - Cleaning filtered folder for Project03
2021-05-29 13:10:31,547 [Worker-44] INFO  o.e.m.c.i.p.ProjectConfigurationManager - Update completed: 3 sec
2021-05-29 13:10:34,561 [Worker-49] WARN  o.e.m.c.i.embedder.EclipseLogger - Using platform encoding (Cp1252 actually) to copy filtered resources, i.e. build is platform dependent!
2021-05-29 13:10:34,563 [Worker-49] INFO  o.e.m.c.i.embedder.EclipseLogger - Copying 1 resource
2021-05-29 13:10:34,575 [Worker-49] WARN  o.e.m.c.i.embedder.EclipseLogger - Using platform encoding (Cp1252 actually) to copy filtered resources, i.e. build is platform dependent!
2021-05-29 13:10:34,682 [Worker-49] INFO  o.e.m.c.i.embedder.EclipseLogger - skip non existing resourceDirectory C:\Users\hp\Desktop\project03 new\Project03\src\test\resources
2021-05-29 13:10:34,682 [Worker-49] INFO  o.e.m.w.i.f.ResourceFilteringBuildParticipant - Changed resources require a complete clean of filtered resources of Project03
2021-05-29 13:10:34,682 [Worker-49] INFO  o.e.m.w.i.f.ResourceFilteringBuildParticipant - Executing resource filtering for Project03
2021-05-29 13:10:34,688 [Worker-49] WARN  o.e.m.c.i.embedder.EclipseLogger - Using platform encoding (Cp1252 actually) to copy filtered resources, i.e. build is platform dependent!
2021-05-29 13:11:13,308 [Worker-49] INFO  o.e.m.c.i.p.ProjectConfigurationManager - Update started
2021-05-29 13:11:14,142 [Worker-49] INFO  o.e.m.c.i.l.LifecycleMappingFactory - Using org.maven.ide.eclipse.wtp.WarLifecycleMapping lifecycle mapping for MavenProject: in.co.rays:Project03:0.0.1-SNAPSHOT @ C:\Users\hp\Desktop\project03 new\Project03\pom.xml.
2021-05-29 13:11:15,804 [Worker-49] INFO  o.e.m.j.i.AbstractJavaProjectConfigurator - Adding source folder /Project03/src/main/java
2021-05-29 13:11:15,805 [Worker-49] INFO  o.e.m.j.i.AbstractJavaProjectConfigurator - Adding resource folder /Project03/src/main/resources
2021-05-29 13:11:15,805 [Worker-49] INFO  o.e.m.j.i.AbstractJavaProjectConfigurator - Adding source folder /Project03/src/test/java
2021-05-29 13:11:17,050 [Worker-49] INFO  o.e.m.w.i.f.ResourceFilteringBuildParticipant - Cleaning filtered folder for Project03
2021-05-29 13:11:17,059 [Worker-49] INFO  o.e.m.c.i.p.ProjectConfigurationManager - Update completed: 3 sec
2021-05-29 13:11:23,592 [Worker-55] WARN  o.e.m.c.i.embedder.EclipseLogger - Using platform encoding (Cp1252 actually) to copy filtered resources, i.e. build is platform dependent!
2021-05-29 13:11:23,609 [Worker-55] INFO  o.e.m.c.i.embedder.EclipseLogger - Copying 1 resource
2021-05-29 13:11:23,622 [Worker-55] WARN  o.e.m.c.i.embedder.EclipseLogger - Using platform encoding (Cp1252 actually) to copy filtered resources, i.e. build is platform dependent!
2021-05-29 13:11:23,632 [Worker-55] INFO  o.e.m.c.i.embedder.EclipseLogger - skip non existing resourceDirectory C:\Users\hp\Desktop\project03 new\Project03\src\test\resources
2021-05-29 13:11:23,632 [Worker-55] INFO  o.e.m.w.i.f.ResourceFilteringBuildParticipant - Changed resources require a complete clean of filtered resources of Project03
2021-05-29 13:11:23,632 [Worker-55] INFO  o.e.m.w.i.f.ResourceFilteringBuildParticipant - Executing resource filtering for Project03
2021-05-29 13:11:23,635 [Worker-55] WARN  o.e.m.c.i.embedder.EclipseLogger - Using platform encoding (Cp1252 actually) to copy filtered resources, i.e. build is platform dependent!
2021-05-29 13:11:36,637 [Worker-54] INFO  o.e.m.c.i.p.ProjectConfigurationManager - Update started
2021-05-29 13:11:37,183 [Worker-54] INFO  o.e.m.c.i.l.LifecycleMappingFactory - Using org.maven.ide.eclipse.wtp.WarLifecycleMapping lifecycle mapping for MavenProject: in.co.rays:Project03:0.0.1-SNAPSHOT @ C:\Users\hp\Desktop\project03 new\Project03\pom.xml.
2021-05-29 13:11:38,461 [Worker-54] INFO  o.e.m.j.i.AbstractJavaProjectConfigurator - Adding source folder /Project03/src/main/java
2021-05-29 13:11:38,461 [Worker-54] INFO  o.e.m.j.i.AbstractJavaProjectConfigurator - Adding resource folder /Project03/src/main/resources
2021-05-29 13:11:38,461 [Worker-54] INFO  o.e.m.j.i.AbstractJavaProjectConfigurator - Adding source folder /Project03/src/test/java
2021-05-29 13:11:39,364 [Worker-54] INFO  o.e.m.w.i.f.ResourceFilteringBuildParticipant - Cleaning filtered folder for Project03
2021-05-29 13:11:39,371 [Worker-54] INFO  o.e.m.c.i.p.ProjectConfigurationManager - Update completed: 2 sec
2021-05-29 13:11:42,634 [Worker-49] WARN  o.e.m.c.i.embedder.EclipseLogger - Using platform encoding (Cp1252 actually) to copy filtered resources, i.e. build is platform dependent!
2021-05-29 13:11:42,636 [Worker-49] INFO  o.e.m.c.i.embedder.EclipseLogger - Copying 1 resource
2021-05-29 13:11:42,648 [Worker-49] WARN  o.e.m.c.i.embedder.EclipseLogger - Using platform encoding (Cp1252 actually) to copy filtered resources, i.e. build is platform dependent!
2021-05-29 13:11:42,748 [Worker-49] INFO  o.e.m.c.i.embedder.EclipseLogger - skip non existing resourceDirectory C:\Users\hp\Desktop\project03 new\Project03\src\test\resources
2021-05-29 13:11:42,749 [Worker-49] INFO  o.e.m.w.i.f.ResourceFilteringBuildParticipant - Changed resources require a complete clean of filtered resources of Project03
2021-05-29 13:11:42,749 [Worker-49] INFO  o.e.m.w.i.f.ResourceFilteringBuildParticipant - Executing resource filtering for Project03
2021-05-29 13:11:42,752 [Worker-49] WARN  o.e.m.c.i.embedder.EclipseLogger - Using platform encoding (Cp1252 actually) to copy filtered resources, i.e. build is platform dependent!
2021-05-29 13:11:54,370 [Worker-54] INFO  o.e.m.i.launch.MavenLaunchDelegate - C:\Users\hp\Desktop\project03 new\Project03
2021-05-29 13:11:54,370 [Worker-54] INFO  o.e.m.i.launch.MavenLaunchDelegate -  mvn  -B clean
2021-05-29 13:12:05,251 [Worker-55] INFO  o.e.m.i.launch.MavenLaunchDelegate - C:\Users\hp\Desktop\project03 new\Project03
2021-05-29 13:12:05,251 [Worker-55] INFO  o.e.m.i.launch.MavenLaunchDelegate -  mvn  -B install
2021-05-29 13:12:08,397 [Worker-51] WARN  o.e.m.c.i.embedder.EclipseLogger - Using platform encoding (Cp1252 actually) to copy filtered resources, i.e. build is platform dependent!
2021-05-29 13:12:08,401 [Worker-51] INFO  o.e.m.c.i.embedder.EclipseLogger - Copying 1 resource
2021-05-29 13:12:08,403 [Worker-51] WARN  o.e.m.c.i.embedder.EclipseLogger - Using platform encoding (Cp1252 actually) to copy filtered resources, i.e. build is platform dependent!
2021-05-29 13:12:08,403 [Worker-51] INFO  o.e.m.c.i.embedder.EclipseLogger - skip non existing resourceDirectory C:\Users\hp\Desktop\project03 new\Project03\src\test\resources
2021-05-29 13:12:08,404 [Worker-51] INFO  o.e.m.w.i.f.ResourceFilteringBuildParticipant - Changed resources require a complete clean of filtered resources of Project03
2021-05-29 13:12:08,404 [Worker-51] INFO  o.e.m.w.i.f.ResourceFilteringBuildParticipant - Executing resource filtering for Project03
2021-05-29 13:12:08,409 [Worker-51] WARN  o.e.m.c.i.embedder.EclipseLogger - Using platform encoding (Cp1252 actually) to copy filtered resources, i.e. build is platform dependent!
2021-05-29 13:20:38,676 [Worker-58] WARN  o.e.m.c.i.embedder.EclipseLogger - Using platform encoding (Cp1252 actually) to copy filtered resources, i.e. build is platform dependent!
2021-05-29 13:20:38,701 [Worker-58] INFO  o.e.m.c.i.embedder.EclipseLogger - Copying 1 resource
2021-05-29 13:20:38,708 [Worker-58] WARN  o.e.m.c.i.embedder.EclipseLogger - Using platform encoding (Cp1252 actually) to copy filtered resources, i.e. build is platform dependent!
2021-05-29 13:20:38,710 [Worker-58] INFO  o.e.m.c.i.embedder.EclipseLogger - skip non existing resourceDirectory C:\Users\hp\Desktop\project03 new\Project03\src\test\resources
2021-05-29 13:21:42,119 [Worker-26] INFO  o.e.m.c.i.p.ProjectConfigurationManager - Update started
2021-05-29 13:21:43,407 [Worker-26] INFO  o.e.m.c.i.l.LifecycleMappingFactory - Using org.maven.ide.eclipse.wtp.WarLifecycleMapping lifecycle mapping for MavenProject: in.co.rays:Project03:0.0.1-SNAPSHOT @ C:\Users\hp\Desktop\project03 new\Project03\pom.xml.
2021-05-29 13:21:45,832 [Worker-26] INFO  o.e.m.j.i.AbstractJavaProjectConfigurator - Adding source folder /Project03/src/main/java
2021-05-29 13:21:45,832 [Worker-26] INFO  o.e.m.j.i.AbstractJavaProjectConfigurator - Adding resource folder /Project03/src/main/resources
2021-05-29 13:21:45,833 [Worker-26] INFO  o.e.m.j.i.AbstractJavaProjectConfigurator - Adding source folder /Project03/src/test/java
2021-05-29 13:21:47,661 [Worker-26] INFO  o.e.m.w.i.f.ResourceFilteringBuildParticipant - Cleaning filtered folder for Project03
2021-05-29 13:21:47,667 [Worker-26] INFO  o.e.m.c.i.p.ProjectConfigurationManager - Update completed: 5 sec
2021-05-29 13:21:49,989 [Worker-58] WARN  o.e.m.c.i.embedder.EclipseLogger - Using platform encoding (Cp1252 actually) to copy filtered resources, i.e. build is platform dependent!
2021-05-29 13:21:50,126 [Worker-58] INFO  o.e.m.c.i.embedder.EclipseLogger - Copying 1 resource
2021-05-29 13:21:50,144 [Worker-58] WARN  o.e.m.c.i.embedder.EclipseLogger - Using platform encoding (Cp1252 actually) to copy filtered resources, i.e. build is platform dependent!
2021-05-29 13:21:50,145 [Worker-58] INFO  o.e.m.c.i.embedder.EclipseLogger - skip non existing resourceDirectory C:\Users\hp\Desktop\project03 new\Project03\src\test\resources
2021-05-29 13:21:50,145 [Worker-58] INFO  o.e.m.w.i.f.ResourceFilteringBuildParticipant - Changed resources require a complete clean of filtered resources of Project03
2021-05-29 13:21:50,146 [Worker-58] INFO  o.e.m.w.i.f.ResourceFilteringBuildParticipant - Executing resource filtering for Project03
2021-05-29 13:21:50,149 [Worker-58] WARN  o.e.m.c.i.embedder.EclipseLogger - Using platform encoding (Cp1252 actually) to copy filtered resources, i.e. build is platform dependent!
2021-05-29 13:33:17,133 [Worker-58] WARN  o.e.m.c.i.embedder.EclipseLogger - Using platform encoding (Cp1252 actually) to copy filtered resources, i.e. build is platform dependent!
2021-05-29 13:33:17,242 [Worker-58] INFO  o.e.m.c.i.embedder.EclipseLogger - Copying 1 resource
2021-05-29 13:33:17,247 [Worker-58] WARN  o.e.m.c.i.embedder.EclipseLogger - Using platform encoding (Cp1252 actually) to copy filtered resources, i.e. build is platform dependent!
2021-05-29 13:33:17,254 [Worker-58] INFO  o.e.m.c.i.embedder.EclipseLogger - skip non existing resourceDirectory C:\Users\hp\Desktop\project03 new\Project03\src\test\resources
2021-05-29 13:33:29,528 [Worker-65] WARN  o.e.m.c.i.embedder.EclipseLogger - Using platform encoding (Cp1252 actually) to copy filtered resources, i.e. build is platform dependent!
2021-05-29 13:33:29,531 [Worker-65] INFO  o.e.m.c.i.embedder.EclipseLogger - Copying 1 resource
2021-05-29 13:33:29,535 [Worker-65] WARN  o.e.m.c.i.embedder.EclipseLogger - Using platform encoding (Cp1252 actually) to copy filtered resources, i.e. build is platform dependent!
2021-05-29 13:33:29,536 [Worker-65] INFO  o.e.m.c.i.embedder.EclipseLogger - skip non existing resourceDirectory C:\Users\hp\Desktop\project03 new\Project03\src\test\resources
2021-05-29 13:33:42,102 [Worker-65] INFO  o.e.m.c.i.p.ProjectConfigurationManager - Update started
2021-05-29 13:33:42,870 [Worker-65] INFO  o.e.m.c.i.l.LifecycleMappingFactory - Using org.maven.ide.eclipse.wtp.WarLifecycleMapping lifecycle mapping for MavenProject: in.co.rays:Project03:0.0.1-SNAPSHOT @ C:\Users\hp\Desktop\project03 new\Project03\pom.xml.
2021-05-29 13:33:44,457 [Worker-65] INFO  o.e.m.j.i.AbstractJavaProjectConfigurator - Adding source folder /Project03/src/main/java
2021-05-29 13:33:44,457 [Worker-65] INFO  o.e.m.j.i.AbstractJavaProjectConfigurator - Adding resource folder /Project03/src/main/resources
2021-05-29 13:33:44,458 [Worker-65] INFO  o.e.m.j.i.AbstractJavaProjectConfigurator - Adding source folder /Project03/src/test/java
2021-05-29 13:33:46,188 [Worker-65] INFO  o.e.m.w.i.f.ResourceFilteringBuildParticipant - Cleaning filtered folder for Project03
2021-05-29 13:33:46,194 [Worker-65] INFO  o.e.m.c.i.p.ProjectConfigurationManager - Update completed: 4 sec
2021-05-29 13:33:48,693 [Worker-71] WARN  o.e.m.c.i.embedder.EclipseLogger - Using platform encoding (Cp1252 actually) to copy filtered resources, i.e. build is platform dependent!
2021-05-29 13:33:48,725 [Worker-71] INFO  o.e.m.c.i.embedder.EclipseLogger - Copying 1 resource
2021-05-29 13:33:48,737 [Worker-71] WARN  o.e.m.c.i.embedder.EclipseLogger - Using platform encoding (Cp1252 actually) to copy filtered resources, i.e. build is platform dependent!
2021-05-29 13:33:48,738 [Worker-71] INFO  o.e.m.c.i.embedder.EclipseLogger - skip non existing resourceDirectory C:\Users\hp\Desktop\project03 new\Project03\src\test\resources
2021-05-29 13:33:48,739 [Worker-71] INFO  o.e.m.w.i.f.ResourceFilteringBuildParticipant - Changed resources require a complete clean of filtered resources of Project03
2021-05-29 13:33:48,739 [Worker-71] INFO  o.e.m.w.i.f.ResourceFilteringBuildParticipant - Executing resource filtering for Project03
2021-05-29 13:33:48,742 [Worker-71] WARN  o.e.m.c.i.embedder.EclipseLogger - Using platform encoding (Cp1252 actually) to copy filtered resources, i.e. build is platform dependent!
2021-05-29 13:33:55,666 [Worker-65] INFO  o.e.m.i.launch.MavenLaunchDelegate - C:\Users\hp\Desktop\project03 new\Project03
2021-05-29 13:33:55,666 [Worker-65] INFO  o.e.m.i.launch.MavenLaunchDelegate -  mvn  -B clean
2021-05-29 13:33:58,180 [Worker-68] WARN  o.e.m.c.i.embedder.EclipseLogger - Using platform encoding (Cp1252 actually) to copy filtered resources, i.e. build is platform dependent!
2021-05-29 13:33:58,331 [Worker-68] INFO  o.e.m.c.i.embedder.EclipseLogger - Copying 1 resource
2021-05-29 13:33:58,340 [Worker-68] WARN  o.e.m.c.i.embedder.EclipseLogger - Using platform encoding (Cp1252 actually) to copy filtered resources, i.e. build is platform dependent!
2021-05-29 13:33:58,340 [Worker-68] INFO  o.e.m.c.i.embedder.EclipseLogger - skip non existing resourceDirectory C:\Users\hp\Desktop\project03 new\Project03\src\test\resources
2021-05-29 13:33:58,341 [Worker-68] INFO  o.e.m.w.i.f.ResourceFilteringBuildParticipant - Changed resources require a complete clean of filtered resources of Project03
2021-05-29 13:33:58,341 [Worker-68] INFO  o.e.m.w.i.f.ResourceFilteringBuildParticipant - Executing resource filtering for Project03
2021-05-29 13:33:58,346 [Worker-68] WARN  o.e.m.c.i.embedder.EclipseLogger - Using platform encoding (Cp1252 actually) to copy filtered resources, i.e. build is platform dependent!
2021-05-29 13:34:05,915 [Worker-64] INFO  o.e.m.i.launch.MavenLaunchDelegate - C:\Users\hp\Desktop\project03 new\Project03
2021-05-29 13:34:05,915 [Worker-64] INFO  o.e.m.i.launch.MavenLaunchDelegate -  mvn  -B install
2021-05-29 13:34:22,600 [main] INFO  o.e.m2e.actions.ExecutePomAction - Creating new launch configuration
2021-05-29 13:34:29,810 [Worker-66] WARN  o.e.m.c.i.embedder.EclipseLogger - Using platform encoding (Cp1252 actually) to copy filtered resources, i.e. build is platform dependent!
2021-05-29 13:34:29,917 [Worker-66] INFO  o.e.m.c.i.embedder.EclipseLogger - Copying 1 resource
2021-05-29 13:34:29,918 [Worker-66] WARN  o.e.m.c.i.embedder.EclipseLogger - Using platform encoding (Cp1252 actually) to copy filtered resources, i.e. build is platform dependent!
2021-05-29 13:34:29,934 [Worker-66] INFO  o.e.m.c.i.embedder.EclipseLogger - skip non existing resourceDirectory C:\Users\hp\Desktop\project03 new\Project03\src\test\resources
2021-05-29 13:34:34,304 [Worker-71] INFO  o.e.m.i.launch.MavenLaunchDelegate - C:\Users\hp\Desktop\project03 new\Project03
2021-05-29 13:34:34,304 [Worker-71] INFO  o.e.m.i.launch.MavenLaunchDelegate -  mvn  -B -Dmaven.test.skip=true -DskipTests clean install
2021-05-29 13:34:46,068 [main] INFO  o.e.m2e.actions.ExecutePomAction - Creating new launch configuration
2021-05-29 13:35:04,631 [Worker-65] WARN  o.e.m.c.i.embedder.EclipseLogger - Using platform encoding (Cp1252 actually) to copy filtered resources, i.e. build is platform dependent!
2021-05-29 13:35:04,733 [Worker-65] INFO  o.e.m.c.i.embedder.EclipseLogger - Copying 0 resource
2021-05-29 13:35:04,734 [Worker-65] WARN  o.e.m.c.i.embedder.EclipseLogger - Using platform encoding (Cp1252 actually) to copy filtered resources, i.e. build is platform dependent!
2021-05-29 13:35:04,736 [Worker-65] INFO  o.e.m.c.i.embedder.EclipseLogger - skip non existing resourceDirectory C:\Users\hp\Desktop\project03 new\Project03\src\test\resources
2021-05-29 13:37:45,958 [Worker-73] WARN  o.e.m.c.i.embedder.EclipseLogger - Using platform encoding (Cp1252 actually) to copy filtered resources, i.e. build is platform dependent!
2021-05-29 13:37:46,068 [Worker-73] INFO  o.e.m.c.i.embedder.EclipseLogger - Copying 0 resource
2021-05-29 13:37:46,070 [Worker-73] WARN  o.e.m.c.i.embedder.EclipseLogger - Using platform encoding (Cp1252 actually) to copy filtered resources, i.e. build is platform dependent!
2021-05-29 13:37:46,125 [Worker-73] INFO  o.e.m.c.i.embedder.EclipseLogger - skip non existing resourceDirectory C:\Users\hp\Desktop\project03 new\Project03\src\test\resources
2021-05-29 13:37:50,594 [Worker-73] WARN  o.e.m.c.i.embedder.EclipseLogger - Using platform encoding (Cp1252 actually) to copy filtered resources, i.e. build is platform dependent!
2021-05-29 13:37:50,596 [Worker-73] INFO  o.e.m.c.i.embedder.EclipseLogger - Copying 0 resource
2021-05-29 13:37:50,597 [Worker-73] WARN  o.e.m.c.i.embedder.EclipseLogger - Using platform encoding (Cp1252 actually) to copy filtered resources, i.e. build is platform dependent!
2021-05-29 13:37:50,599 [Worker-73] INFO  o.e.m.c.i.embedder.EclipseLogger - skip non existing resourceDirectory C:\Users\hp\Desktop\project03 new\Project03\src\test\resources
2021-05-29 13:37:53,711 [Worker-73] WARN  o.e.m.c.i.embedder.EclipseLogger - Using platform encoding (Cp1252 actually) to copy filtered resources, i.e. build is platform dependent!
2021-05-29 13:37:53,712 [Worker-73] INFO  o.e.m.c.i.embedder.EclipseLogger - Copying 0 resource
2021-05-29 13:37:53,719 [Worker-73] WARN  o.e.m.c.i.embedder.EclipseLogger - Using platform encoding (Cp1252 actually) to copy filtered resources, i.e. build is platform dependent!
2021-05-29 13:37:53,720 [Worker-73] INFO  o.e.m.c.i.embedder.EclipseLogger - skip non existing resourceDirectory C:\Users\hp\Desktop\project03 new\Project03\src\test\resources
2021-05-29 13:38:10,153 [Worker-67] WARN  o.e.m.c.i.embedder.EclipseLogger - Using platform encoding (Cp1252 actually) to copy filtered resources, i.e. build is platform dependent!
2021-05-29 13:38:10,155 [Worker-67] INFO  o.e.m.c.i.embedder.EclipseLogger - Copying 0 resource
2021-05-29 13:38:10,156 [Worker-67] WARN  o.e.m.c.i.embedder.EclipseLogger - Using platform encoding (Cp1252 actually) to copy filtered resources, i.e. build is platform dependent!
2021-05-29 13:38:10,158 [Worker-67] INFO  o.e.m.c.i.embedder.EclipseLogger - skip non existing resourceDirectory C:\Users\hp\Desktop\project03 new\Project03\src\test\resources
2021-05-29 13:39:13,523 [Worker-74] WARN  o.e.m.c.i.embedder.EclipseLogger - Using platform encoding (Cp1252 actually) to copy filtered resources, i.e. build is platform dependent!
2021-05-29 13:39:13,524 [Worker-74] INFO  o.e.m.c.i.embedder.EclipseLogger - Copying 0 resource
2021-05-29 13:39:13,525 [Worker-74] WARN  o.e.m.c.i.embedder.EclipseLogger - Using platform encoding (Cp1252 actually) to copy filtered resources, i.e. build is platform dependent!
2021-05-29 13:39:13,526 [Worker-74] INFO  o.e.m.c.i.embedder.EclipseLogger - skip non existing resourceDirectory C:\Users\hp\Desktop\project03 new\Project03\src\test\resources
2021-05-29 13:40:35,249 [Worker-67] WARN  o.e.m.c.i.embedder.EclipseLogger - Using platform encoding (Cp1252 actually) to copy filtered resources, i.e. build is platform dependent!
2021-05-29 13:40:35,250 [Worker-67] INFO  o.e.m.c.i.embedder.EclipseLogger - Copying 0 resource
2021-05-29 13:40:35,251 [Worker-67] WARN  o.e.m.c.i.embedder.EclipseLogger - Using platform encoding (Cp1252 actually) to copy filtered resources, i.e. build is platform dependent!
2021-05-29 13:40:35,604 [Worker-67] INFO  o.e.m.c.i.embedder.EclipseLogger - skip non existing resourceDirectory C:\Users\hp\Desktop\project03 new\Project03\src\test\resources
2021-05-29 13:45:44,172 [Worker-67] WARN  o.e.m.c.i.embedder.EclipseLogger - Using platform encoding (Cp1252 actually) to copy filtered resources, i.e. build is platform dependent!
2021-05-29 13:45:44,201 [Worker-67] INFO  o.e.m.c.i.embedder.EclipseLogger - Copying 1 resource
2021-05-29 13:45:44,207 [Worker-67] WARN  o.e.m.c.i.embedder.EclipseLogger - Using platform encoding (Cp1252 actually) to copy filtered resources, i.e. build is platform dependent!
2021-05-29 13:45:44,210 [Worker-67] INFO  o.e.m.c.i.embedder.EclipseLogger - skip non existing resourceDirectory C:\Users\hp\Desktop\project03 new\Project03\src\test\resources
2021-05-29 13:47:49,706 [Worker-79] INFO  o.e.m.c.i.p.ProjectConfigurationManager - Update started
2021-05-29 13:47:51,639 [Worker-79] INFO  o.e.m.c.i.l.LifecycleMappingFactory - Using org.maven.ide.eclipse.wtp.WarLifecycleMapping lifecycle mapping for MavenProject: in.co.rays:Project03:0.0.1-SNAPSHOT @ C:\Users\hp\Desktop\project03 new\Project03\pom.xml.
2021-05-29 13:47:54,215 [Worker-79] INFO  o.e.m.j.i.AbstractJavaProjectConfigurator - Adding source folder /Project03/src/main/java
2021-05-29 13:47:54,215 [Worker-79] INFO  o.e.m.j.i.AbstractJavaProjectConfigurator - Adding resource folder /Project03/src/main/resources
2021-05-29 13:47:54,216 [Worker-79] INFO  o.e.m.j.i.AbstractJavaProjectConfigurator - Adding source folder /Project03/src/test/java
2021-05-29 13:47:57,733 [Worker-79] INFO  o.e.m.w.i.f.ResourceFilteringBuildParticipant - Cleaning filtered folder for Project03
2021-05-29 13:47:57,737 [Worker-79] INFO  o.e.m.c.i.p.ProjectConfigurationManager - Update completed: 8 sec
2021-05-29 13:48:09,646 [Worker-81] WARN  o.e.m.c.i.embedder.EclipseLogger - Using platform encoding (Cp1252 actually) to copy filtered resources, i.e. build is platform dependent!
2021-05-29 13:48:09,778 [Worker-81] INFO  o.e.m.c.i.embedder.EclipseLogger - Copying 2 resources
2021-05-29 13:48:09,798 [Worker-81] WARN  o.e.m.c.i.embedder.EclipseLogger - Using platform encoding (Cp1252 actually) to copy filtered resources, i.e. build is platform dependent!
2021-05-29 13:48:10,078 [Worker-81] INFO  o.e.m.c.i.embedder.EclipseLogger - skip non existing resourceDirectory C:\Users\hp\Desktop\project03 new\Project03\src\test\resources
2021-05-29 13:48:10,079 [Worker-81] INFO  o.e.m.w.i.f.ResourceFilteringBuildParticipant - Changed resources require a complete clean of filtered resources of Project03
2021-05-29 13:48:10,079 [Worker-81] INFO  o.e.m.w.i.f.ResourceFilteringBuildParticipant - Executing resource filtering for Project03
2021-05-29 13:48:10,085 [Worker-81] WARN  o.e.m.c.i.embedder.EclipseLogger - Using platform encoding (Cp1252 actually) to copy filtered resources, i.e. build is platform dependent!
2021-05-29 13:48:12,789 [Worker-77] INFO  o.e.m.i.launch.MavenLaunchDelegate - C:\Users\hp\Desktop\project03 new\Project03
2021-05-29 13:48:12,789 [Worker-77] INFO  o.e.m.i.launch.MavenLaunchDelegate -  mvn  -B clean
2021-05-29 13:48:15,794 [Worker-84] WARN  o.e.m.c.i.embedder.EclipseLogger - Using platform encoding (Cp1252 actually) to copy filtered resources, i.e. build is platform dependent!
2021-05-29 13:48:15,803 [Worker-84] INFO  o.e.m.c.i.embedder.EclipseLogger - Copying 2 resources
2021-05-29 13:48:15,813 [Worker-84] WARN  o.e.m.c.i.embedder.EclipseLogger - Using platform encoding (Cp1252 actually) to copy filtered resources, i.e. build is platform dependent!
2021-05-29 13:48:15,919 [Worker-84] INFO  o.e.m.c.i.embedder.EclipseLogger - skip non existing resourceDirectory C:\Users\hp\Desktop\project03 new\Project03\src\test\resources
2021-05-29 13:48:15,919 [Worker-84] INFO  o.e.m.w.i.f.ResourceFilteringBuildParticipant - Changed resources require a complete clean of filtered resources of Project03
2021-05-29 13:48:15,919 [Worker-84] INFO  o.e.m.w.i.f.ResourceFilteringBuildParticipant - Executing resource filtering for Project03
2021-05-29 13:48:15,923 [Worker-84] WARN  o.e.m.c.i.embedder.EclipseLogger - Using platform encoding (Cp1252 actually) to copy filtered resources, i.e. build is platform dependent!
2021-05-29 13:48:24,606 [Worker-81] INFO  o.e.m.i.launch.MavenLaunchDelegate - C:\Users\hp\Desktop\project03 new\Project03
2021-05-29 13:48:24,606 [Worker-81] INFO  o.e.m.i.launch.MavenLaunchDelegate -  mvn  -B install
2021-05-29 13:48:48,061 [Worker-77] WARN  o.e.m.c.i.embedder.EclipseLogger - Using platform encoding (Cp1252 actually) to copy filtered resources, i.e. build is platform dependent!
2021-05-29 13:48:48,165 [Worker-77] INFO  o.e.m.c.i.embedder.EclipseLogger - Copying 2 resources
2021-05-29 13:48:48,166 [Worker-77] WARN  o.e.m.c.i.embedder.EclipseLogger - Using platform encoding (Cp1252 actually) to copy filtered resources, i.e. build is platform dependent!
2021-05-29 13:48:48,193 [Worker-77] INFO  o.e.m.c.i.embedder.EclipseLogger - skip non existing resourceDirectory C:\Users\hp\Desktop\project03 new\Project03\src\test\resources
2021-05-29 13:48:50,957 [main] INFO  o.e.m2e.actions.ExecutePomAction - Creating new launch configuration
2021-05-29 13:49:11,321 [Worker-83] INFO  o.e.m.i.launch.MavenLaunchDelegate - C:\Users\hp\Desktop\project03 new\Project03
2021-05-29 13:49:11,321 [Worker-83] INFO  o.e.m.i.launch.MavenLaunchDelegate -  mvn  -B -Dmaven.test.skip=true -DskipTests clean install
2021-05-29 13:49:27,924 [Worker-77] WARN  o.e.m.c.i.embedder.EclipseLogger - Using platform encoding (Cp1252 actually) to copy filtered resources, i.e. build is platform dependent!
2021-05-29 13:49:28,026 [Worker-77] INFO  o.e.m.c.i.embedder.EclipseLogger - Copying 0 resource
2021-05-29 13:49:28,027 [Worker-77] WARN  o.e.m.c.i.embedder.EclipseLogger - Using platform encoding (Cp1252 actually) to copy filtered resources, i.e. build is platform dependent!
2021-05-29 13:49:28,028 [Worker-77] INFO  o.e.m.c.i.embedder.EclipseLogger - skip non existing resourceDirectory C:\Users\hp\Desktop\project03 new\Project03\src\test\resources
2021-05-29 13:53:25,169 [Worker-80] WARN  o.e.m.c.i.embedder.EclipseLogger - Using platform encoding (Cp1252 actually) to copy filtered resources, i.e. build is platform dependent!
2021-05-29 13:53:25,237 [Worker-80] INFO  o.e.m.c.i.embedder.EclipseLogger - Copying 0 resource
2021-05-29 13:53:25,248 [Worker-80] WARN  o.e.m.c.i.embedder.EclipseLogger - Using platform encoding (Cp1252 actually) to copy filtered resources, i.e. build is platform dependent!
2021-05-29 13:53:25,308 [Worker-80] INFO  o.e.m.c.i.embedder.EclipseLogger - skip non existing resourceDirectory C:\Users\hp\Desktop\project03 new\Project03\src\test\resources
2021-05-29 13:53:31,998 [Worker-80] WARN  o.e.m.c.i.embedder.EclipseLogger - Using platform encoding (Cp1252 actually) to copy filtered resources, i.e. build is platform dependent!
2021-05-29 13:53:31,999 [Worker-80] INFO  o.e.m.c.i.embedder.EclipseLogger - Copying 0 resource
2021-05-29 13:53:32,000 [Worker-80] WARN  o.e.m.c.i.embedder.EclipseLogger - Using platform encoding (Cp1252 actually) to copy filtered resources, i.e. build is platform dependent!
2021-05-29 13:53:32,001 [Worker-80] INFO  o.e.m.c.i.embedder.EclipseLogger - skip non existing resourceDirectory C:\Users\hp\Desktop\project03 new\Project03\src\test\resources
2021-05-29 13:53:53,404 [Worker-80] WARN  o.e.m.c.i.embedder.EclipseLogger - Using platform encoding (Cp1252 actually) to copy filtered resources, i.e. build is platform dependent!
2021-05-29 13:53:53,406 [Worker-80] INFO  o.e.m.c.i.embedder.EclipseLogger - Copying 0 resource
2021-05-29 13:53:53,417 [Worker-80] WARN  o.e.m.c.i.embedder.EclipseLogger - Using platform encoding (Cp1252 actually) to copy filtered resources, i.e. build is platform dependent!
2021-05-29 13:53:53,513 [Worker-80] INFO  o.e.m.c.i.embedder.EclipseLogger - skip non existing resourceDirectory C:\Users\hp\Desktop\project03 new\Project03\src\test\resources
2021-05-29 13:54:19,713 [Worker-86] WARN  o.e.m.c.i.embedder.EclipseLogger - Using platform encoding (Cp1252 actually) to copy filtered resources, i.e. build is platform dependent!
2021-05-29 13:54:19,714 [Worker-86] INFO  o.e.m.c.i.embedder.EclipseLogger - Copying 10 resources
2021-05-29 13:54:19,744 [Worker-86] WARN  o.e.m.c.i.embedder.EclipseLogger - Using platform encoding (Cp1252 actually) to copy filtered resources, i.e. build is platform dependent!
2021-05-29 13:54:19,749 [Worker-86] INFO  o.e.m.c.i.embedder.EclipseLogger - skip non existing resourceDirectory C:\Users\hp\Desktop\project03 new\Project03\src\test\resources
2021-05-29 13:54:58,744 [Worker-85] WARN  o.e.m.c.i.embedder.EclipseLogger - Using platform encoding (Cp1252 actually) to copy filtered resources, i.e. build is platform dependent!
2021-05-29 13:54:58,768 [Worker-85] INFO  o.e.m.c.i.embedder.EclipseLogger - Copying 10 resources
2021-05-29 13:54:58,807 [Worker-85] WARN  o.e.m.c.i.embedder.EclipseLogger - Using platform encoding (Cp1252 actually) to copy filtered resources, i.e. build is platform dependent!
2021-05-29 13:54:58,808 [Worker-85] INFO  o.e.m.c.i.embedder.EclipseLogger - skip non existing resourceDirectory C:\Users\hp\Desktop\project03 new\Project03\src\test\resources
2021-05-29 13:55:21,222 [Worker-87] WARN  o.e.m.c.i.embedder.EclipseLogger - Using platform encoding (Cp1252 actually) to copy filtered resources, i.e. build is platform dependent!
2021-05-29 13:55:21,223 [Worker-87] INFO  o.e.m.c.i.embedder.EclipseLogger - Copying 0 resource
2021-05-29 13:55:21,224 [Worker-87] WARN  o.e.m.c.i.embedder.EclipseLogger - Using platform encoding (Cp1252 actually) to copy filtered resources, i.e. build is platform dependent!
2021-05-29 13:55:21,326 [Worker-87] INFO  o.e.m.c.i.embedder.EclipseLogger - skip non existing resourceDirectory C:\Users\hp\Desktop\project03 new\Project03\src\test\resources
2021-05-29 13:55:36,683 [Worker-79] INFO  o.e.m.c.i.p.ProjectConfigurationManager - Update started
2021-05-29 13:55:37,578 [Worker-79] INFO  o.e.m.c.i.l.LifecycleMappingFactory - Using org.maven.ide.eclipse.wtp.WarLifecycleMapping lifecycle mapping for MavenProject: in.co.rays:Project03:0.0.1-SNAPSHOT @ C:\Users\hp\Desktop\project03 new\Project03\pom.xml.
2021-05-29 13:55:39,598 [Worker-79] INFO  o.e.m.j.i.AbstractJavaProjectConfigurator - Adding source folder /Project03/src/main/java
2021-05-29 13:55:39,598 [Worker-79] INFO  o.e.m.j.i.AbstractJavaProjectConfigurator - Adding resource folder /Project03/src/main/resources
2021-05-29 13:55:39,598 [Worker-79] INFO  o.e.m.j.i.AbstractJavaProjectConfigurator - Adding source folder /Project03/src/test/java
2021-05-29 13:55:43,217 [Worker-79] INFO  o.e.m.w.i.f.ResourceFilteringBuildParticipant - Cleaning filtered folder for Project03
2021-05-29 13:55:43,221 [Worker-79] INFO  o.e.m.c.i.p.ProjectConfigurationManager - Update completed: 6 sec
2021-05-29 13:55:54,368 [Worker-87] WARN  o.e.m.c.i.embedder.EclipseLogger - Using platform encoding (Cp1252 actually) to copy filtered resources, i.e. build is platform dependent!
2021-05-29 13:55:54,370 [Worker-87] INFO  o.e.m.c.i.embedder.EclipseLogger - Copying 12 resources
2021-05-29 13:55:54,404 [Worker-87] WARN  o.e.m.c.i.embedder.EclipseLogger - Using platform encoding (Cp1252 actually) to copy filtered resources, i.e. build is platform dependent!
2021-05-29 13:55:54,495 [Worker-87] INFO  o.e.m.c.i.embedder.EclipseLogger - skip non existing resourceDirectory C:\Users\hp\Desktop\project03 new\Project03\src\test\resources
2021-05-29 13:55:54,496 [Worker-87] INFO  o.e.m.w.i.f.ResourceFilteringBuildParticipant - Changed resources require a complete clean of filtered resources of Project03
2021-05-29 13:55:54,496 [Worker-87] INFO  o.e.m.w.i.f.ResourceFilteringBuildParticipant - Executing resource filtering for Project03
2021-05-29 13:55:54,501 [Worker-87] WARN  o.e.m.c.i.embedder.EclipseLogger - Using platform encoding (Cp1252 actually) to copy filtered resources, i.e. build is platform dependent!
2021-05-29 13:55:58,735 [Worker-88] INFO  o.e.m.i.launch.MavenLaunchDelegate - C:\Users\hp\Desktop\project03 new\Project03
2021-05-29 13:55:58,735 [Worker-88] INFO  o.e.m.i.launch.MavenLaunchDelegate -  mvn  -B clean
2021-05-29 13:56:02,535 [Worker-89] WARN  o.e.m.c.i.embedder.EclipseLogger - Using platform encoding (Cp1252 actually) to copy filtered resources, i.e. build is platform dependent!
2021-05-29 13:56:02,553 [Worker-89] INFO  o.e.m.c.i.embedder.EclipseLogger - Copying 12 resources
2021-05-29 13:56:02,598 [Worker-89] WARN  o.e.m.c.i.embedder.EclipseLogger - Using platform encoding (Cp1252 actually) to copy filtered resources, i.e. build is platform dependent!
2021-05-29 13:56:02,599 [Worker-89] INFO  o.e.m.c.i.embedder.EclipseLogger - skip non existing resourceDirectory C:\Users\hp\Desktop\project03 new\Project03\src\test\resources
2021-05-29 13:56:02,600 [Worker-89] INFO  o.e.m.w.i.f.ResourceFilteringBuildParticipant - Changed resources require a complete clean of filtered resources of Project03
2021-05-29 13:56:02,600 [Worker-89] INFO  o.e.m.w.i.f.ResourceFilteringBuildParticipant - Executing resource filtering for Project03
2021-05-29 13:56:02,606 [Worker-89] WARN  o.e.m.c.i.embedder.EclipseLogger - Using platform encoding (Cp1252 actually) to copy filtered resources, i.e. build is platform dependent!
2021-05-29 13:56:09,277 [Worker-82] INFO  o.e.m.i.launch.MavenLaunchDelegate - C:\Users\hp\Desktop\project03 new\Project03
2021-05-29 13:56:09,278 [Worker-82] INFO  o.e.m.i.launch.MavenLaunchDelegate -  mvn  -B install
2021-05-29 13:56:31,562 [main] INFO  o.e.m2e.actions.ExecutePomAction - Creating new launch configuration
2021-05-29 13:56:32,001 [Worker-86] WARN  o.e.m.c.i.embedder.EclipseLogger - Using platform encoding (Cp1252 actually) to copy filtered resources, i.e. build is platform dependent!
2021-05-29 13:56:32,025 [Worker-86] INFO  o.e.m.c.i.embedder.EclipseLogger - Copying 12 resources
2021-05-29 13:56:32,028 [Worker-86] WARN  o.e.m.c.i.embedder.EclipseLogger - Using platform encoding (Cp1252 actually) to copy filtered resources, i.e. build is platform dependent!
2021-05-29 13:56:32,029 [Worker-86] INFO  o.e.m.c.i.embedder.EclipseLogger - skip non existing resourceDirectory C:\Users\hp\Desktop\project03 new\Project03\src\test\resources
2021-05-29 13:56:46,385 [Worker-86] INFO  o.e.m.i.launch.MavenLaunchDelegate - C:\Users\hp\Desktop\project03 new\Project03
2021-05-29 13:56:46,385 [Worker-86] INFO  o.e.m.i.launch.MavenLaunchDelegate -  mvn  -B -Dmaven.test.skip=true -DskipTests clean install
2021-05-29 13:57:03,245 [Worker-89] WARN  o.e.m.c.i.embedder.EclipseLogger - Using platform encoding (Cp1252 actually) to copy filtered resources, i.e. build is platform dependent!
2021-05-29 13:57:03,247 [Worker-89] INFO  o.e.m.c.i.embedder.EclipseLogger - Copying 0 resource
2021-05-29 13:57:03,247 [Worker-89] WARN  o.e.m.c.i.embedder.EclipseLogger - Using platform encoding (Cp1252 actually) to copy filtered resources, i.e. build is platform dependent!
2021-05-29 13:57:03,356 [Worker-89] INFO  o.e.m.c.i.embedder.EclipseLogger - skip non existing resourceDirectory C:\Users\hp\Desktop\project03 new\Project03\src\test\resources
2021-05-29 14:01:06,614 [Worker-85] WARN  o.e.r.models.ModelRepository - Failed to download org.eclipse.recommenders:index::zip:0.0.0
org.eclipse.aether.resolution.ArtifactResolutionException: Could not find artifact org.eclipse.recommenders:index:zip:0.0.0-SNAPSHOT in models (http://download.eclipse.org/recommenders/models/mars/)
	at org.eclipse.aether.internal.impl.DefaultArtifactResolver.resolve(DefaultArtifactResolver.java:444) ~[na:na]
	at org.eclipse.aether.internal.impl.DefaultArtifactResolver.resolveArtifacts(DefaultArtifactResolver.java:246) ~[na:na]
	at org.eclipse.aether.internal.impl.DefaultArtifactResolver.resolveArtifact(DefaultArtifactResolver.java:223) ~[na:na]
	at org.eclipse.aether.internal.impl.DefaultRepositorySystem.resolveArtifact(DefaultRepositorySystem.java:294) ~[na:na]
	at org.eclipse.recommenders.models.ModelRepository.resolveInternal(ModelRepository.java:192) [org.eclipse.recommenders.models_2.3.0.v20160216-1255.jar:na]
	at org.eclipse.recommenders.models.ModelRepository.resolve(ModelRepository.java:174) [org.eclipse.recommenders.models_2.3.0.v20160216-1255.jar:na]
	at org.eclipse.recommenders.internal.models.rcp.EclipseModelRepository.resolve(EclipseModelRepository.java:165) [org.eclipse.recommenders.models.rcp_2.3.0.v20160216-1255.jar:na]
	at org.eclipse.recommenders.internal.models.rcp.DownloadModelArchiveJob.run(DownloadModelArchiveJob.java:76) [org.eclipse.recommenders.models.rcp_2.3.0.v20160216-1255.jar:na]
	at org.eclipse.core.internal.jobs.Worker.run(Worker.java:55) [org.eclipse.core.jobs_3.7.0.v20150330-2103.jar:na]
Caused by: org.eclipse.aether.transfer.ArtifactNotFoundException: Could not find artifact org.eclipse.recommenders:index:zip:0.0.0-SNAPSHOT in models (http://download.eclipse.org/recommenders/models/mars/)
	at org.eclipse.aether.connector.basic.ArtifactTransportListener.transferFailed(ArtifactTransportListener.java:39) ~[org.eclipse.aether.connector.basic_1.0.1.v20141111.jar:na]
	at org.eclipse.aether.connector.basic.BasicRepositoryConnector$TaskRunner.run(BasicRepositoryConnector.java:355) ~[org.eclipse.aether.connector.basic_1.0.1.v20141111.jar:na]
	at org.eclipse.aether.util.concurrency.RunnableErrorForwarder$1.run(RunnableErrorForwarder.java:67) ~[na:na]
	at org.eclipse.aether.connector.basic.BasicRepositoryConnector$DirectExecutor.execute(BasicRepositoryConnector.java:581) ~[org.eclipse.aether.connector.basic_1.0.1.v20141111.jar:na]
	at org.eclipse.aether.connector.basic.BasicRepositoryConnector.get(BasicRepositoryConnector.java:249) ~[org.eclipse.aether.connector.basic_1.0.1.v20141111.jar:na]
	at org.eclipse.aether.internal.impl.DefaultArtifactResolver.performDownloads(DefaultArtifactResolver.java:520) ~[na:na]
	at org.eclipse.aether.internal.impl.DefaultArtifactResolver.resolve(DefaultArtifactResolver.java:421) ~[na:na]
	... 8 common frames omitted
2021-05-29 14:01:18,964 [Worker-92] WARN  o.e.m.c.i.embedder.EclipseLogger - Using platform encoding (Cp1252 actually) to copy filtered resources, i.e. build is platform dependent!
2021-05-29 14:01:18,971 [Worker-92] INFO  o.e.m.c.i.embedder.EclipseLogger - Copying 12 resources
2021-05-29 14:01:18,979 [Worker-92] WARN  o.e.m.c.i.embedder.EclipseLogger - Using platform encoding (Cp1252 actually) to copy filtered resources, i.e. build is platform dependent!
2021-05-29 14:01:18,980 [Worker-92] INFO  o.e.m.c.i.embedder.EclipseLogger - skip non existing resourceDirectory C:\Users\hp\Desktop\project03 new\Project03\src\test\resources
2021-05-29 14:01:20,148 [Worker-92] WARN  o.e.m.c.i.embedder.EclipseLogger - Using platform encoding (Cp1252 actually) to copy filtered resources, i.e. build is platform dependent!
2021-05-29 14:01:20,154 [Worker-92] INFO  o.e.m.c.i.embedder.EclipseLogger - Copying 12 resources
2021-05-29 14:01:20,156 [Worker-92] WARN  o.e.m.c.i.embedder.EclipseLogger - Using platform encoding (Cp1252 actually) to copy filtered resources, i.e. build is platform dependent!
2021-05-29 14:01:20,265 [Worker-92] INFO  o.e.m.c.i.embedder.EclipseLogger - skip non existing resourceDirectory C:\Users\hp\Desktop\project03 new\Project03\src\test\resources
2021-05-29 14:02:09,208 [Worker-92] WARN  o.e.m.c.i.embedder.EclipseLogger - Using platform encoding (Cp1252 actually) to copy filtered resources, i.e. build is platform dependent!
2021-05-29 14:02:09,312 [Worker-92] INFO  o.e.m.c.i.embedder.EclipseLogger - Copying 12 resources
2021-05-29 14:02:09,319 [Worker-92] WARN  o.e.m.c.i.embedder.EclipseLogger - Using platform encoding (Cp1252 actually) to copy filtered resources, i.e. build is platform dependent!
2021-05-29 14:02:09,319 [Worker-92] INFO  o.e.m.c.i.embedder.EclipseLogger - skip non existing resourceDirectory C:\Users\hp\Desktop\project03 new\Project03\src\test\resources
2021-05-29 14:09:42,853 [Worker-89] WARN  o.e.m.c.i.embedder.EclipseLogger - Using platform encoding (Cp1252 actually) to copy filtered resources, i.e. build is platform dependent!
2021-05-29 14:09:42,858 [Worker-89] INFO  o.e.m.c.i.embedder.EclipseLogger - Copying 12 resources
2021-05-29 14:09:42,861 [Worker-89] WARN  o.e.m.c.i.embedder.EclipseLogger - Using platform encoding (Cp1252 actually) to copy filtered resources, i.e. build is platform dependent!
2021-05-29 14:09:42,861 [Worker-89] INFO  o.e.m.c.i.embedder.EclipseLogger - skip non existing resourceDirectory C:\Users\hp\Desktop\project03 new\Project03\src\test\resources
2021-05-29 14:10:31,955 [Worker-96] INFO  o.e.m.c.i.p.ProjectConfigurationManager - Update started
2021-05-29 14:10:33,501 [Worker-96] INFO  o.e.m.c.i.l.LifecycleMappingFactory - Using org.maven.ide.eclipse.wtp.WarLifecycleMapping lifecycle mapping for MavenProject: in.co.rays:Project03:0.0.1-SNAPSHOT @ C:\Users\hp\Desktop\project03 new\Project03\pom.xml.
2021-05-29 14:10:35,841 [Worker-96] INFO  o.e.m.j.i.AbstractJavaProjectConfigurator - Adding source folder /Project03/src/main/java
2021-05-29 14:10:35,841 [Worker-96] INFO  o.e.m.j.i.AbstractJavaProjectConfigurator - Adding resource folder /Project03/src/main/resources
2021-05-29 14:10:35,841 [Worker-96] INFO  o.e.m.j.i.AbstractJavaProjectConfigurator - Adding source folder /Project03/src/test/java
2021-05-29 14:10:38,185 [Worker-96] INFO  o.e.m.w.i.f.ResourceFilteringBuildParticipant - Cleaning filtered folder for Project03
2021-05-29 14:10:38,192 [Worker-96] INFO  o.e.m.c.i.p.ProjectConfigurationManager - Update completed: 6 sec
2021-05-29 14:10:51,622 [Worker-95] WARN  o.e.m.c.i.embedder.EclipseLogger - Using platform encoding (Cp1252 actually) to copy filtered resources, i.e. build is platform dependent!
2021-05-29 14:10:51,645 [Worker-95] INFO  o.e.m.c.i.embedder.EclipseLogger - Copying 12 resources
2021-05-29 14:10:51,699 [Worker-95] WARN  o.e.m.c.i.embedder.EclipseLogger - Using platform encoding (Cp1252 actually) to copy filtered resources, i.e. build is platform dependent!
2021-05-29 14:10:51,734 [Worker-95] INFO  o.e.m.c.i.embedder.EclipseLogger - skip non existing resourceDirectory C:\Users\hp\Desktop\project03 new\Project03\src\test\resources
2021-05-29 14:10:51,735 [Worker-95] INFO  o.e.m.w.i.f.ResourceFilteringBuildParticipant - Changed resources require a complete clean of filtered resources of Project03
2021-05-29 14:10:51,736 [Worker-95] INFO  o.e.m.w.i.f.ResourceFilteringBuildParticipant - Executing resource filtering for Project03
2021-05-29 14:10:51,740 [Worker-95] WARN  o.e.m.c.i.embedder.EclipseLogger - Using platform encoding (Cp1252 actually) to copy filtered resources, i.e. build is platform dependent!
2021-05-29 14:14:53,236 [Worker-105] WARN  o.e.m.c.i.embedder.EclipseLogger - Using platform encoding (Cp1252 actually) to copy filtered resources, i.e. build is platform dependent!
2021-05-29 14:14:53,375 [Worker-105] INFO  o.e.m.c.i.embedder.EclipseLogger - Copying 12 resources
2021-05-29 14:14:53,380 [Worker-105] WARN  o.e.m.c.i.embedder.EclipseLogger - Using platform encoding (Cp1252 actually) to copy filtered resources, i.e. build is platform dependent!
2021-05-29 14:14:53,406 [Worker-105] INFO  o.e.m.c.i.embedder.EclipseLogger - skip non existing resourceDirectory C:\Users\hp\Desktop\project03 new\Project03\src\test\resources
